d:\programming\github\pet projects\advanced_calculator\advanced_calculator\x64\debug\vc143.pdb
d:\programming\github\pet projects\advanced_calculator\advanced_calculator\x64\debug\vc143.idb
d:\programming\github\pet projects\advanced_calculator\advanced_calculator\x64\debug\trigonometricutilities.obj
d:\programming\github\pet projects\advanced_calculator\advanced_calculator\x64\debug\main.obj
d:\programming\github\pet projects\advanced_calculator\advanced_calculator\x64\debug\logarithmicutilities.obj
d:\programming\github\pet projects\advanced_calculator\advanced_calculator\x64\debug\exponentialutilities.obj
d:\programming\github\pet projects\advanced_calculator\advanced_calculator\x64\debug\calculationtypes.obj
d:\programming\github\pet projects\advanced_calculator\advanced_calculator\x64\debug\arithmeticutilities.obj
d:\programming\github\pet projects\advanced_calculator\advanced_calculator\x64\debug\advanced_calculator.exe
d:\programming\github\pet projects\advanced_calculator\advanced_calculator\x64\debug\advanced_calculator.ilk
d:\programming\github\pet projects\advanced_calculator\advanced_calculator\x64\debug\advanced_calculator.pdb
d:\programming\github\pet projects\advanced_calculator\advanced_calculator\x64\debug\arithmeticutilities.nativecodeanalysis.xml
d:\programming\github\pet projects\advanced_calculator\advanced_calculator\x64\debug\calculationtypes.nativecodeanalysis.xml
d:\programming\github\pet projects\advanced_calculator\advanced_calculator\x64\debug\exponentialutilities.nativecodeanalysis.xml
d:\programming\github\pet projects\advanced_calculator\advanced_calculator\x64\debug\logarithmicutilities.nativecodeanalysis.xml
d:\programming\github\pet projects\advanced_calculator\advanced_calculator\x64\debug\main.nativecodeanalysis.xml
d:\programming\github\pet projects\advanced_calculator\advanced_calculator\x64\debug\trigonometricutilities.nativecodeanalysis.xml
d:\programming\github\pet projects\advanced_calculator\advanced_calculator\x64\debug\vc.nativecodeanalysis.all.xml
d:\programming\github\pet projects\advanced_calculator\advanced_calculator\x64\debug\advanced.95a6cb22.tlog\cl.command.1.tlog
d:\programming\github\pet projects\advanced_calculator\advanced_calculator\x64\debug\advanced.95a6cb22.tlog\cl.read.1.tlog
d:\programming\github\pet projects\advanced_calculator\advanced_calculator\x64\debug\advanced.95a6cb22.tlog\cl.write.1.tlog
d:\programming\github\pet projects\advanced_calculator\advanced_calculator\x64\debug\advanced.95a6cb22.tlog\link.command.1.tlog
d:\programming\github\pet projects\advanced_calculator\advanced_calculator\x64\debug\advanced.95a6cb22.tlog\link.read.1.tlog
d:\programming\github\pet projects\advanced_calculator\advanced_calculator\x64\debug\advanced.95a6cb22.tlog\link.write.1.tlog
